<?xml version="1.0" encoding="UTF-8"?>
<!-- Generated by org.testng.reporters.JUnitReportReporter -->
<testsuite hostname="DESKTOP-TIB88CT" name="pers.szw.ljdtest.testcase.TestCrossBrowser" tests="2" failures="0" timestamp="9 Jul 2018 09:14:42 GMT" time="48.320" errors="0">
  <testcase name="startBrowser" time="29.968" classname="pers.szw.ljdtest.testcase.TestCrossBrowser"/>
  <testcase name="startBrowser" time="18.352" classname="pers.szw.ljdtest.testcase.TestCrossBrowser"/>
</testsuite> <!-- pers.szw.ljdtest.testcase.TestCrossBrowser -->
