<?xml version="1.0" encoding="UTF-8"?>
<!-- Generated by org.testng.reporters.JUnitReportReporter -->
<testsuite hostname="DESKTOP-TIB88CT" name="pers.szw.ljdtest.testcase.TestWithPOM" tests="1" failures="0" timestamp="11 Jul 2018 03:01:07 GMT" time="12.227" errors="0">
  <testcase name="testLogin" time="12.227" classname="pers.szw.ljdtest.testcase.TestWithPOM"/>
</testsuite> <!-- pers.szw.ljdtest.testcase.TestWithPOM -->
