<?xml version="1.0" encoding="UTF-8"?>
<!-- Generated by org.testng.reporters.JUnitReportReporter -->
<testsuite hostname="DESKTOP-CAEQG93" name="pers.szw.ljdtest.testcase.TestLaunchBrowser" tests="4" failures="0" timestamp="9 Aug 2018 07:22:27 GMT" time="1.075" errors="0">
  <testcase name="clickNews" time="0.226" classname="pers.szw.ljdtest.testcase.TestLaunchBrowser"/>
  <testcase name="clickNews" time="0.230" classname="pers.szw.ljdtest.testcase.TestLaunchBrowser"/>
  <testcase name="clickNews" time="0.222" classname="pers.szw.ljdtest.testcase.TestLaunchBrowser"/>
  <testcase name="clickNews" time="0.397" classname="pers.szw.ljdtest.testcase.TestLaunchBrowser"/>
</testsuite> <!-- pers.szw.ljdtest.testcase.TestLaunchBrowser -->
