<?xml version="1.0" encoding="UTF-8"?>
<!-- Generated by org.testng.reporters.JUnitReportReporter -->
<testsuite hostname="DESKTOP-TIB88CT" name="pers.szw.ljdtest.testcase.TestLogin" tests="1" failures="0" timestamp="16 Jul 2018 04:40:12 GMT" time="15.359" errors="0">
  <testcase name="Login" time="15.359" classname="pers.szw.ljdtest.testcase.TestLogin"/>
</testsuite> <!-- pers.szw.ljdtest.testcase.TestLogin -->
